swarmConnect/build/intermediates/manifest_merge_blame_file/debug/manifest-merger-blame-debug-report.txt
1<?xml version="1.0" encoding="utf-8"?>
2<manifest xmlns:android="http://schemas.android.com/apk/res/android"
3    package="com.swarmconnect" >
4
5    <uses-sdk
6        android:minSdkVersion="16"
6-->src\main\AndroidManifest.xml
7        android:targetSdkVersion="29" />
7-->src\main\AndroidManifest.xml
8
9    <!-- <uses-sdk android:minSdkVersion="3" /> -->
10    <uses-permission android:name="android.permission.INTERNET" />
10-->src\main\AndroidManifest.xml:5:2-64
10-->src\main\AndroidManifest.xml:5:19-61
11    <uses-permission android:name="android.permission.ACCESS_NETWORK_STATE" />
11-->src\main\AndroidManifest.xml:6:2-76
11-->src\main\AndroidManifest.xml:6:19-73
12    <uses-permission android:name="android.permission.ACCESS_COARSE_LOCATION" />
12-->src\main\AndroidManifest.xml:7:5-81
12-->src\main\AndroidManifest.xml:7:22-78
13    <!-- Required if using the Swarm Store features. Not required otherwise. -->
14    <uses-permission android:name="android.permission.READ_PHONE_STATE" />
14-->src\main\AndroidManifest.xml:9:2-72
14-->src\main\AndroidManifest.xml:9:19-69
15
16    <application>
16-->src\main\AndroidManifest.xml:11:5-20:19
17        <activity
17-->src\main\AndroidManifest.xml:12:9-17:37
18            android:name="com.swarmconnect.SwarmMainActivity"
18-->src\main\AndroidManifest.xml:12:19-68
19            android:configChanges="orientation|keyboardHidden"
19-->src\main\AndroidManifest.xml:14:10-60
20            android:label="Swarm"
20-->src\main\AndroidManifest.xml:17:13-34
21            android:screenOrientation="portrait"
21-->src\main\AndroidManifest.xml:16:10-46
22            android:theme="@style/HoloTheme"
22-->src\main\AndroidManifest.xml:13:10-42
23            android:windowSoftInputMode="stateHidden" />
23-->src\main\AndroidManifest.xml:15:10-51
24
25        <service
25-->src\main\AndroidManifest.xml:19:9-97
26            android:name="com.swarmconnect.NotificationService"
26-->src\main\AndroidManifest.xml:19:18-69
27            android:process=":swarm" />
27-->src\main\AndroidManifest.xml:19:70-94
28    </application>
29
30</manifest>